similar: ㅁㄴㅇㄹ
similar: 너의 보지가 너무 좋아
similar: 너의 보지가 너무 좋아
similar: 아니 시발
similar: 큰 침대 덕분에 큰 몸을 신경쓰지 않아도 돼서 마하 군의 진자 이이
similar: 큰 침대 덕분에
similar: 친구가 3개월째 아무런 진도도 나가지 않는 건 불쌍하다고 해서...
contains: 친구가 3개월째 아무런 진도도 나가지 않는 건 불쌍하다고 해서...
contains: 3개월째 아무런 진도도 나가지
contains: 3개월째 아무런 진도도 나가지
contains: 3개월째 아무런 진도도 나가지
similar: 3개월째 아무런 진도도 나가지
similar: 침대 덕분에 큰 몸을 신경쓰지 않아도 돼서 마하 군의
similar: 침대 덕분에 큰 몸을 신경쓰지 않아도
similar: 침대 덕분에 큰 몸을 신경쓰지 않아도
similar: 큰 침대 덕분에 큰 몸을 신경쓰지 않아도 돼서 마하 군의 진자 이이
similar: 큰 침대 덕분에 큰 몸을 신경쓰지 않아도 돼서 
similar: 큰 침대 덕분에 큰 몸을 신경쓰지 않아도 돼서 마하 군의 진자 이이
similar: 큰 침대 덕분에 큰 몸을 신경쓰지 않아도 돼서 마하 군의 진자
similar: 큰 침대 덕분에 큰 몸을 신경쓰지 않아도 돼서 마하 군의
similar: 큰 침대 덕분에 큰 몸을 신경쓰지 않아도 돼서 마하 군의자지
similar: 큰 침대 덕분에 큰 몸을 신경쓰지 않아도 돼서 마하 군의자
similar: 큰 침대 덕분에 큰 몸을 신경쓰지 않아도 돼서 마하 군의
contains: 큰 침대 덕분에 큰 몸을 신경쓰지 않아도 돼서 마하 군의
contains: 큰 침대 덕분에 큰 몸을 신경쓰지 않아도
contains: 큰 침대
similar: 큰 침대 덕분에 큰 몸을 신경쓰지 않아도 돼서 마하 군의
similar: 큰 침대 덕분에 큰 몸을 신경쓰지 않아도 돼서 마하 군의
similar: 은근슬쩍 쳐다보면 기분 나쁜데
contains: 은근슬쩍 쳐다보면 기분 나쁜데
contains: 은근슬쩍 쳐다보면 기분 나쁜데
contains: 은근슬쩍 쳐다보면 기분 나쁜데21
contains: 은근슬쩍 쳐다보면 기분 나쁜데21
contains: 은근슬쩍
contains: 은근슬쩍
contains: 아니
contains: 시발
contains: 니애미
contains: 은근슬쩍 쳐다보면 기분 나쁜데
contains: 아니 잠깐만
similar: 그렇게 은근슬쩍 쳐다보면 기분 나쁜데
similar: 그렇게 은근슬쩍 쳐다보면
similar: 그렇게 은근슬쩍 쳐다보면sssssssssssssssssss
similar: 그렇게 은근슬쩍 쳐다보면 기분 나쁜데
similar: 그그렇계 은근슬쩍 쳐다보면 기분 나변데
similar: 그렇게 은근슬쩍 쳐다보면 기분 나쁜데
similar: 그렇게 은근슬쩍 쳐다보면 기분 
similar: 그렇게 은근슬쩍 쳐다보면 기분 나쁜데
similar: 그렇게 은근슬쩍 쳐다보면 기분 나쁜
similar: 그렇게 은근슬쩍 쳐다보면 기분 나쁜데
similar: 그렇게 은근슬쩍 쳐다보면 기분 나쁜
similar: 그렇게 은근슬쩍 쳐다보면 기분 나쁜데
similar: 그렇게 은근슬쩍 쳐다보면 기분 나쁜데
similar: 그렇게 은근슬쩍 쳐다보면 기분 나쁜데
contains: 아니 잠깐만
similar: 그렇게 은근슬쩍 쳐다보면 기분 나쁜데
contains: 은근슬쩍
contains: 은근슬쩍
similar: 그렇게 은근슬쩍 쳐다보면 기분 나쁜데
similar: 
contains: 
similar: 
similar: 
contains: 
contains: 
similar: 
similar: 
contains: 
contains: 
similar: 
contains: 
similar: 
contains: 
similar: 그렇게 은근슬쩍 쳐다보면 기분 나쁜데
contains: 은근슬쩍
contains: 은근슬쩍
similar: 
contains: 
similar: 
contains: 
contains: 친구가 3개월째 아무런 진도도 나가지 않는 건 불쌍하다고 해서...
contains: 질내 배설 중임에도 불구하고 유카리는 아무런 저항도 보이지 않고 그저 방심한 채 절정올 맞이햇다
similar: 그렇게 은근슬쩍 쳐다보면 기분 나쁜데
contains: 은근슬쩍
contains: 은근슬쩍
contains: 질내 배설 중임에도 불구하고 유카리는 아무런 저항도 보이지 않고 그저 방심한 채 절정올 맞이햇다
contains: 은근슬쩍
similar: 그렇게 은근슬쩍 쳐다보면 기분 나쁜데
contains: 은근슬쩍
contains: 질내사정
contains: 질내사정 하고싶다
contains: 은근슬쩍
contains: 조임 엄청난데
contains: 조임
contains: 조임 너무 좋아
similar: 조임 너무 좋아
similar: 그렇게 은근슬쩍 쳐다보면 기분 나쁜데
similar: 그렇게 근 소리 날 정도로 기분 좋앉어
similar: 내 보지가
contains: 내 보지가
contains: 은근슬쩍
contains: 은근슬쩍
similar: 
contains: 은근슬쩍
contains: 새로운 자극이 될까 생각했는데
similar: 새로운 자극이 될까 생각했는데
contains: 안녕
similar: 싫다면 안쓸게
similar: 입안에 쌀게
contains: 입안에 쌀게
contains: 축제가 시작되면
contains: 외부인
similar: 그렇게 은근슬쩍 쳐다보면 기분 나쁜데
contains: 은근슬쩍
contains: 외부인
contains: 축제가 시작되면
similar: 축제가 시작되면
contains: 허벅지
contains: 니애미
contains: 자궁
contains: 자궁 속에 싼다
contains: 초등학생
contains: 초등학생 보지에 싼닷
contains: 은근슬쩍
contains: 최면
contains: 은근슬쩍
contains: 최면
contains: 은근슬쩍
contains: 최면
contains: 인강
contains: 인간
contains: 뫼
contains: 뭬
contains: 외
contains: 왜
contains: 웨
contains: 
contains: 오징어
contains: 말린
contains: 은근슬쩍
similar: 그렇게 은근슬쩍 쳐다보면 기분 나쁜데
contains: 은근슬쩍
